{"contracts/TrustyPoll.sol":{"l":{"15":26,"16":26,"17":26,"18":26,"38":7,"39":7,"43":2,"47":2,"51":3,"52":2,"56":14,"59":13,"61":12,"62":12,"63":12,"67":15,"68":14,"69":14,"70":14,"74":8,"75":7,"76":6,"79":5,"80":2,"83":5,"86":5,"90":0,"94":0},"path":"/home/eth/kris2/contracts/TrustyPoll.sol","s":{"1":26,"2":26,"3":26,"4":26,"5":7,"6":2,"7":2,"8":3,"9":2,"10":14,"11":13,"12":12,"13":12,"14":12,"15":15,"16":14,"17":14,"18":8,"19":7,"20":6,"21":5,"22":2,"23":5,"24":5,"25":0,"26":0},"b":{"1":[7,0],"2":[2,1],"3":[13,1],"4":[12,1],"5":[14,1],"6":[14,0],"7":[7,1],"8":[6,1],"9":[5,1],"10":[2,3]},"f":{"1":26,"2":7,"3":2,"4":2,"5":3,"6":14,"7":15,"8":8,"9":0,"10":0},"fnMap":{"1":{"name":null,"line":14,"loc":{"start":{"line":14,"column":2},"end":{"line":14,"column":91}}},"2":{"name":"onlyAdmin","line":37,"loc":{"start":{"line":37,"column":2},"end":{"line":37,"column":22}}},"3":{"name":"changeAdmin","line":42,"loc":{"start":{"line":42,"column":2},"end":{"line":42,"column":55}}},"4":{"name":"changeFeeAccount","line":46,"loc":{"start":{"line":46,"column":2},"end":{"line":46,"column":65}}},"5":{"name":"changeFee","line":50,"loc":{"start":{"line":50,"column":2},"end":{"line":50,"column":48}}},"6":{"name":"createPoll","line":55,"loc":{"start":{"line":55,"column":2},"end":{"line":55,"column":43}}},"7":{"name":"createOption","line":66,"loc":{"start":{"line":66,"column":2},"end":{"line":66,"column":56}}},"8":{"name":"vote","line":73,"loc":{"start":{"line":73,"column":2},"end":{"line":73,"column":46}}},"9":{"name":"getOptionTitleForPoll","line":89,"loc":{"start":{"line":89,"column":2},"end":{"line":89,"column":89}}},"10":{"name":"getOptionIdForPoll","line":93,"loc":{"start":{"line":93,"column":2},"end":{"line":93,"column":83}}}},"statementMap":{"1":{"start":{"line":15,"column":4},"end":{"line":15,"column":17}},"2":{"start":{"line":16,"column":4},"end":{"line":16,"column":27}},"3":{"start":{"line":17,"column":4},"end":{"line":17,"column":31}},"4":{"start":{"line":18,"column":4},"end":{"line":18,"column":13}},"5":{"start":{"line":38,"column":4},"end":{"line":38,"column":31}},"6":{"start":{"line":43,"column":4},"end":{"line":43,"column":17}},"7":{"start":{"line":47,"column":4},"end":{"line":47,"column":27}},"8":{"start":{"line":51,"column":4},"end":{"line":51,"column":23}},"9":{"start":{"line":52,"column":4},"end":{"line":52,"column":13}},"10":{"start":{"line":56,"column":6},"end":{"line":56,"column":25}},"11":{"start":{"line":59,"column":4},"end":{"line":59,"column":67}},"12":{"start":{"line":61,"column":6},"end":{"line":61,"column":32}},"13":{"start":{"line":62,"column":6},"end":{"line":62,"column":26}},"14":{"start":{"line":63,"column":6},"end":{"line":63,"column":37}},"15":{"start":{"line":67,"column":6},"end":{"line":67,"column":25}},"16":{"start":{"line":68,"column":6},"end":{"line":68,"column":45}},"17":{"start":{"line":69,"column":6},"end":{"line":69,"column":37}},"18":{"start":{"line":74,"column":4},"end":{"line":74,"column":43}},"19":{"start":{"line":75,"column":4},"end":{"line":75,"column":22}},"20":{"start":{"line":76,"column":4},"end":{"line":76,"column":20}},"21":{"start":{"line":79,"column":4},"end":{"line":79,"column":2366}},"22":{"start":{"line":80,"column":6},"end":{"line":80,"column":110}},"23":{"start":{"line":83,"column":4},"end":{"line":83,"column":74}},"24":{"start":{"line":86,"column":4},"end":{"line":86,"column":35}},"25":{"start":{"line":90,"column":7},"end":{"line":90,"column":50}},"26":{"start":{"line":94,"column":7},"end":{"line":94,"column":47}}},"branchMap":{"1":{"line":38,"type":"if","locations":[{"start":{"line":38,"column":4},"end":{"line":38,"column":4}},{"start":{"line":38,"column":4},"end":{"line":38,"column":4}}]},"2":{"line":51,"type":"if","locations":[{"start":{"line":51,"column":4},"end":{"line":51,"column":4}},{"start":{"line":51,"column":4},"end":{"line":51,"column":4}}]},"3":{"line":56,"type":"if","locations":[{"start":{"line":56,"column":6},"end":{"line":56,"column":6}},{"start":{"line":56,"column":6},"end":{"line":56,"column":6}}]},"4":{"line":59,"type":"if","locations":[{"start":{"line":59,"column":4},"end":{"line":59,"column":4}},{"start":{"line":59,"column":4},"end":{"line":59,"column":4}}]},"5":{"line":67,"type":"if","locations":[{"start":{"line":67,"column":6},"end":{"line":67,"column":6}},{"start":{"line":67,"column":6},"end":{"line":67,"column":6}}]},"6":{"line":68,"type":"if","locations":[{"start":{"line":68,"column":6},"end":{"line":68,"column":6}},{"start":{"line":68,"column":6},"end":{"line":68,"column":6}}]},"7":{"line":74,"type":"if","locations":[{"start":{"line":74,"column":4},"end":{"line":74,"column":4}},{"start":{"line":74,"column":4},"end":{"line":74,"column":4}}]},"8":{"line":75,"type":"if","locations":[{"start":{"line":75,"column":4},"end":{"line":75,"column":4}},{"start":{"line":75,"column":4},"end":{"line":75,"column":4}}]},"9":{"line":76,"type":"if","locations":[{"start":{"line":76,"column":4},"end":{"line":76,"column":4}},{"start":{"line":76,"column":4},"end":{"line":76,"column":4}}]},"10":{"line":79,"type":"if","locations":[{"start":{"line":79,"column":4},"end":{"line":79,"column":4}},{"start":{"line":79,"column":4},"end":{"line":79,"column":4}}]}}}}