TN:
SF:/home/eth/kris2/contracts/TrustyPoll.sol
FN:14,
FN:37,onlyAdmin
FN:42,changeAdmin
FN:46,changeFeeAccount
FN:50,changeFee
FN:55,createPoll
FN:66,createOption
FN:73,vote
FN:89,getOptionTitleForPoll
FN:93,getOptionIdForPoll
FNF:10
FNH:8
FNDA:26,
FNDA:7,onlyAdmin
FNDA:2,changeAdmin
FNDA:2,changeFeeAccount
FNDA:3,changeFee
FNDA:14,createPoll
FNDA:15,createOption
FNDA:8,vote
FNDA:0,getOptionTitleForPoll
FNDA:0,getOptionIdForPoll
DA:15,26
DA:16,26
DA:17,26
DA:18,26
DA:38,7
DA:39,7
DA:43,2
DA:47,2
DA:51,3
DA:52,2
DA:56,14
DA:59,13
DA:61,12
DA:62,12
DA:63,12
DA:67,15
DA:68,14
DA:69,14
DA:70,14
DA:74,8
DA:75,7
DA:76,6
DA:79,5
DA:80,2
DA:83,5
DA:86,5
DA:90,0
DA:94,0
LF:28
LH:26
BRDA:38,1,0,7
BRDA:38,1,1,0
BRDA:51,2,0,2
BRDA:51,2,1,1
BRDA:56,3,0,13
BRDA:56,3,1,1
BRDA:59,4,0,12
BRDA:59,4,1,1
BRDA:67,5,0,14
BRDA:67,5,1,1
BRDA:68,6,0,14
BRDA:68,6,1,0
BRDA:74,7,0,7
BRDA:74,7,1,1
BRDA:75,8,0,6
BRDA:75,8,1,1
BRDA:76,9,0,5
BRDA:76,9,1,1
BRDA:79,10,0,2
BRDA:79,10,1,3
BRF:20
BRH:18
end_of_record
